[2025-01-14 13:22:39] info: 	z2m: Logging to console, file (filename: log.log)
[2025-01-14 13:22:39] info: 	z2m: Starting Zigbee2MQTT version 1.39.0 (commit #0326926)
[2025-01-14 13:22:39] info: 	z2m: Starting zigbee-herdsman (0.50.1)
[2025-01-14 13:22:40] warning: 	zh:ezsp: Deprecated driver 'ezsp' currently in use, 'ember' will become the officially supported EmberZNet driver in next release. If using Zigbee2MQTT see https://github.com/Koenkk/zigbee2mqtt/discussions/21462
[2025-01-14 13:22:40] error: 	zh:ezsp:uart: Error: <-- CRC error: 267e|26|ffff
[2025-01-14 13:22:40] error: 	zh:ezsp:uart: Error while parsing to NpiFrame 'Error: <-- CRC error: 267e|26|ffff
    at Frame.checkCRC (/app/node_modules/zigbee-herdsman/src/adapter/ezsp/driver/frame.ts:87:19)
    at SerialDriver.onParsed (/app/node_modules/zigbee-herdsman/src/adapter/ezsp/driver/uart.ts:169:19)
    at Parser.emit (node:events:517:28)
    at Parser._transform (/app/node_modules/zigbee-herdsman/src/adapter/ezsp/driver/parser.ts:49:26)
    at Parser.Transform._write (node:internal/streams/transform:175:8)
    at writeOrBuffer (node:internal/streams/writable:392:12)
    at _write (node:internal/streams/writable:333:10)
    at Parser.Writable.write (node:internal/streams/writable:337:10)
    at SerialPort.ondata (node:internal/streams/readable:809:22)
    at SerialPort.emit (node:events:517:28)'
[2025-01-14 13:22:44] info: 	z2m: zigbee-herdsman started (resumed)
[2025-01-14 13:22:44] info: 	z2m: Coordinator firmware version: '{"meta":{"maintrel":"4 ","majorrel":"7","minorrel":"4","product":13,"revision":"7.4.4.0 build 0"},"type":"EZSP v13"}'
[2025-01-14 13:22:44] info: 	z2m: Currently 13 devices are joined:
[2025-01-14 13:22:44] info: 	z2m: 0xcc86ecfffe6cd773 (0xcc86ecfffe6cd773): LED1925G6 - IKEA TRADFRI bulb E12/E14/E17, color/white spectrum, globe, opal, 440/450/470 lm (Router)
[2025-01-14 13:22:44] info: 	z2m: 0xcc86ecfffe30db22 (0xcc86ecfffe30db22): LED1925G6 - IKEA TRADFRI bulb E12/E14/E17, color/white spectrum, globe, opal, 440/450/470 lm (Router)
[2025-01-14 13:22:44] info: 	z2m: 0xcc86ecfffe7de451 (0xcc86ecfffe7de451): LED1925G6 - IKEA TRADFRI bulb E12/E14/E17, color/white spectrum, globe, opal, 440/450/470 lm (Router)
[2025-01-14 13:22:44] info: 	z2m: 0xcc86ecfffe363f5e (0xcc86ecfffe363f5e): LED1925G6 - IKEA TRADFRI bulb E12/E14/E17, color/white spectrum, globe, opal, 440/450/470 lm (Router)
[2025-01-14 13:22:44] info: 	z2m: 0xcc86ecfffe2f3452 (0xcc86ecfffe2f3452): LED1925G6 - IKEA TRADFRI bulb E12/E14/E17, color/white spectrum, globe, opal, 440/450/470 lm (Router)
[2025-01-14 13:22:44] info: 	z2m: 0xcc86ecfffe364820 (0xcc86ecfffe364820): LED1925G6 - IKEA TRADFRI bulb E12/E14/E17, color/white spectrum, globe, opal, 440/450/470 lm (Router)
[2025-01-14 13:22:44] info: 	z2m: 0xcc86ecfffe327bc1 (0xcc86ecfffe327bc1): LED1925G6 - IKEA TRADFRI bulb E12/E14/E17, color/white spectrum, globe, opal, 440/450/470 lm (Router)
[2025-01-14 13:22:44] info: 	z2m: 0xcc86ecfffe380740 (0xcc86ecfffe380740): LED1925G6 - IKEA TRADFRI bulb E12/E14/E17, color/white spectrum, globe, opal, 440/450/470 lm (Router)
[2025-01-14 13:22:44] info: 	z2m: 0xcc86ecfffe380584 (0xcc86ecfffe380584): LED1925G6 - IKEA TRADFRI bulb E12/E14/E17, color/white spectrum, globe, opal, 440/450/470 lm (Router)
[2025-01-14 13:22:44] info: 	z2m: 0xcc86ecfffe364085 (0xcc86ecfffe364085): LED1925G6 - IKEA TRADFRI bulb E12/E14/E17, color/white spectrum, globe, opal, 440/450/470 lm (Router)
[2025-01-14 13:22:44] info: 	z2m: 0xcc86ecfffe2f345d (0xcc86ecfffe2f345d): LED1925G6 - IKEA TRADFRI bulb E12/E14/E17, color/white spectrum, globe, opal, 440/450/470 lm (Router)
[2025-01-14 13:22:44] info: 	z2m: 0xcc86ecfffe380743 (0xcc86ecfffe380743): LED1925G6 - IKEA TRADFRI bulb E12/E14/E17, color/white spectrum, globe, opal, 440/450/470 lm (Router)
[2025-01-14 13:22:44] info: 	z2m: 0xcc86ecfffe327b56 (0xcc86ecfffe327b56): LED1925G6 - IKEA TRADFRI bulb E12/E14/E17, color/white spectrum, globe, opal, 440/450/470 lm (Router)
[2025-01-14 13:22:44] warning: 	z2m: `permit_join` set to  `true` in configuration.yaml.
[2025-01-14 13:22:44] warning: 	z2m: Allowing new devices to join.
[2025-01-14 13:22:44] warning: 	z2m: Set `permit_join` to `false` once you joined all devices.
[2025-01-14 13:22:44] info: 	z2m: Zigbee: allowing new devices to join.
[2025-01-14 13:22:44] info: 	z2m: Connecting to MQTT server at mqtt://mqtt
[2025-01-14 13:22:44] error: 	z2m: MQTT error: getaddrinfo ENOTFOUND mqtt
[2025-01-14 13:22:44] error: 	z2m: MQTT failed to connect, exiting...
[2025-01-14 13:22:44] info: 	z2m: Stopping zigbee-herdsman...
[2025-01-14 13:22:45] info: 	zh:controller: Wrote coordinator backup to '/app/data/coordinator_backup.json'
[2025-01-14 13:22:45] info: 	z2m: Stopped zigbee-herdsman
