[2025-01-14 16:58:16] info: 	z2m: Logging to console, file (filename: log.log)
[2025-01-14 16:58:16] info: 	z2m: Starting Zigbee2MQTT version 1.39.0 (commit #0326926)
[2025-01-14 16:58:16] info: 	z2m: Starting zigbee-herdsman (0.50.1)
[2025-01-14 16:58:17] warning: 	zh:ezsp: Deprecated driver 'ezsp' currently in use, 'ember' will become the officially supported EmberZNet driver in next release. If using Zigbee2MQTT see https://github.com/Koenkk/zigbee2mqtt/discussions/21462
[2025-01-14 16:58:24] error: 	zh:ezsp:uart: --> Error: Error: {"sequence":1} after 4000ms
[2025-01-14 16:58:24] error: 	zh:ezsp:uart: -!- break waiting (1)
[2025-01-14 16:58:24] error: 	zh:ezsp:uart: Can't send DATA frame (0,7,0): 00000004
[2025-01-14 16:58:28] error: 	zh:ezsp:uart: --> Error: Error: {"sequence":1} after 4000ms
[2025-01-14 16:58:28] error: 	zh:ezsp:uart: -!- break rewaiting (1)
[2025-01-14 16:58:28] error: 	zh:ezsp:uart: Can't resend DATA frame (0,7,1): 00000004
[2025-01-14 16:58:28] error: 	z2m: Error while starting zigbee-herdsman
[2025-01-14 16:58:28] error: 	z2m: Failed to start zigbee
[2025-01-14 16:58:28] error: 	z2m: Check https://www.zigbee2mqtt.io/guide/installation/20_zigbee2mqtt-fails-to-start.html for possible solutions
[2025-01-14 16:58:28] error: 	z2m: Exiting...
[2025-01-14 16:58:28] error: 	z2m: Error: Failure send version:{"type":"Buffer","data":[0,0,0,4]}
    at /app/node_modules/zigbee-herdsman/src/adapter/ezsp/driver/ezsp.ts:686:23
    at Queue.execute (/app/node_modules/zigbee-herdsman/src/utils/queue.ts:35:20)
    at Ezsp.version (/app/node_modules/zigbee-herdsman/src/adapter/ezsp/driver/ezsp.ts:466:24)
    at Driver.startup (/app/node_modules/zigbee-herdsman/src/adapter/ezsp/driver/driver.ts:173:9)
    at Controller.start (/app/node_modules/zigbee-herdsman/src/controller/controller.ts:129:29)
    at Zigbee.start (/app/lib/zigbee.ts:63:27)
    at Controller.start (/app/lib/controller.ts:139:27)
    at start (/app/index.js:154:5)
